<?xml version="1.0" encoding="UTF-8"?>
<testsuite name="com.astute.myweb.controller.rest.TranslationsRestControllerTest" time="0" tests="5" errors="5" skipped="0" failures="0">
  <properties>
    <property name="java.runtime.name" value="Java(TM) SE Runtime Environment"/>
    <property name="sun.boot.library.path" value="C:\Program Files\Java\jdk1.8.0_144\jre\bin"/>
    <property name="java.vm.version" value="25.144-b01"/>
    <property name="java.vm.vendor" value="Oracle Corporation"/>
    <property name="maven.multiModuleProjectDirectory" value="C:\Tamil\Jobs\Astute excerise\gs-rest-service-master\gs-rest-service-master\AstuteAssignment"/>
    <property name="java.vendor.url" value="http://java.oracle.com/"/>
    <property name="path.separator" value=";"/>
    <property name="guice.disable.misplaced.annotation.check" value="true"/>
    <property name="java.vm.name" value="Java HotSpot(TM) 64-Bit Server VM"/>
    <property name="file.encoding.pkg" value="sun.io"/>
    <property name="user.script" value=""/>
    <property name="user.country" value="US"/>
    <property name="sun.java.launcher" value="SUN_STANDARD"/>
    <property name="sun.os.patch.level" value=""/>
    <property name="java.vm.specification.name" value="Java Virtual Machine Specification"/>
    <property name="user.dir" value="C:\Tamil\Jobs\Astute excerise\gs-rest-service-master\gs-rest-service-master\AstuteAssignment"/>
    <property name="java.runtime.version" value="1.8.0_144-b01"/>
    <property name="java.awt.graphicsenv" value="sun.awt.Win32GraphicsEnvironment"/>
    <property name="java.endorsed.dirs" value="C:\Program Files\Java\jdk1.8.0_144\jre\lib\endorsed"/>
    <property name="os.arch" value="amd64"/>
    <property name="java.io.tmpdir" value="C:\Users\TAMILI~1\AppData\Local\Temp\"/>
    <property name="line.separator" value="&#10;"/>
    <property name="java.vm.specification.vendor" value="Oracle Corporation"/>
    <property name="user.variant" value=""/>
    <property name="os.name" value="Windows 8.1"/>
    <property name="classworlds.conf" value="C:\Tamil\workspace\.metadata\.plugins\org.eclipse.m2e.launching\launches\m2conf1023560702520736223.tmp"/>
    <property name="sun.jnu.encoding" value="Cp1252"/>
    <property name="java.library.path" value="C:\Program Files\Java\jdk1.8.0_144\bin;C:\WINDOWS\Sun\Java\bin;C:\WINDOWS\system32;C:\WINDOWS;C:/Program Files/Java/jre1.8.0_144/bin/server;C:/Program Files/Java/jre1.8.0_144/bin;C:/Program Files/Java/jre1.8.0_144/lib/amd64;C:\ProgramData\Oracle\Java\javapath;C:\Program Files (x86)\Java\jre1.8.0_111\bin;c:\Program Files (x86)\Intel\iCLS Client\;c:\Program Files\Intel\iCLS Client\;C:\WINDOWS\system32;C:\WINDOWS;C:\WINDOWS\System32\Wbem;C:\WINDOWS\System32\WindowsPowerShell\v1.0\;C:\Program Files\Intel\Intel(R) Management Engine Components\DAL;C:\Program Files\Intel\Intel(R) Management Engine Components\IPT;C:\Program Files (x86)\Intel\Intel(R) Management Engine Components\DAL;C:\Program Files (x86)\Intel\Intel(R) Management Engine Components\IPT;C:\Program Files\Intel\WiFi\bin\;C:\Program Files\Common Files\Intel\WirelessCommon\;C:\Program Files (x86)\Skype\Phone\;C:\Program Files\nodejs\;C:\Users\Tamiliniyan\AppData\Roaming\npm;C:\Tamil\Training\spring-tool-suite-3.9.0.RELEASE-e4.7.0-win32-x86_64 (1)\sts-bundle\sts-3.9.0.RELEASE;;."/>
    <property name="java.specification.name" value="Java Platform API Specification"/>
    <property name="java.class.version" value="52.0"/>
    <property name="sun.management.compiler" value="HotSpot 64-Bit Tiered Compilers"/>
    <property name="os.version" value="6.3"/>
    <property name="user.home" value="C:\Users\Tamiliniyan"/>
    <property name="user.timezone" value="America/New_York"/>
    <property name="java.awt.printerjob" value="sun.awt.windows.WPrinterJob"/>
    <property name="java.specification.version" value="1.8"/>
    <property name="file.encoding" value="Cp1252"/>
    <property name="user.name" value="Tamiliniyan"/>
    <property name="java.class.path" value="/C:/Tamil/Training/spring-tool-suite-3.9.0.RELEASE-e4.7.0-win32-x86_64 (1)/sts-bundle/sts-3.9.0.RELEASE/plugins/org.eclipse.m2e.maven.runtime_1.8.0.20170516-2042/jars/plexus-classworlds-2.5.2.jar"/>
    <property name="java.vm.specification.version" value="1.8"/>
    <property name="sun.arch.data.model" value="64"/>
    <property name="java.home" value="C:\Program Files\Java\jdk1.8.0_144\jre"/>
    <property name="sun.java.command" value="org.codehaus.plexus.classworlds.launcher.Launcher -B install"/>
    <property name="java.specification.vendor" value="Oracle Corporation"/>
    <property name="user.language" value="en"/>
    <property name="awt.toolkit" value="sun.awt.windows.WToolkit"/>
    <property name="java.vm.info" value="mixed mode"/>
    <property name="java.version" value="1.8.0_144"/>
    <property name="java.ext.dirs" value="C:\Program Files\Java\jdk1.8.0_144\jre\lib\ext;C:\WINDOWS\Sun\Java\lib\ext"/>
    <property name="sun.boot.class.path" value="C:\Program Files\Java\jdk1.8.0_144\jre\lib\resources.jar;C:\Program Files\Java\jdk1.8.0_144\jre\lib\rt.jar;C:\Program Files\Java\jdk1.8.0_144\jre\lib\sunrsasign.jar;C:\Program Files\Java\jdk1.8.0_144\jre\lib\jsse.jar;C:\Program Files\Java\jdk1.8.0_144\jre\lib\jce.jar;C:\Program Files\Java\jdk1.8.0_144\jre\lib\charsets.jar;C:\Program Files\Java\jdk1.8.0_144\jre\lib\jfr.jar;C:\Program Files\Java\jdk1.8.0_144\jre\classes"/>
    <property name="java.vendor" value="Oracle Corporation"/>
    <property name="maven.home" value="C:\Tamil\Jobs\Astute excerise\gs-rest-service-master\gs-rest-service-master\AstuteAssignment\EMBEDDED"/>
    <property name="file.separator" value="\"/>
    <property name="java.vendor.url.bug" value="http://bugreport.sun.com/bugreport/"/>
    <property name="sun.cpu.endian" value="little"/>
    <property name="sun.io.unicode.encoding" value="UnicodeLittle"/>
    <property name="sun.desktop" value="windows"/>
    <property name="sun.cpu.isalist" value="amd64"/>
  </properties>
  <testcase name="testUpdateTranslation" classname="com.astute.myweb.controller.rest.TranslationsRestControllerTest" time="0">
    <error message="404 null" type="org.springframework.web.client.HttpClientErrorException">org.springframework.web.client.HttpClientErrorException: 404 null
	at org.springframework.web.client.DefaultResponseErrorHandler.handleError(DefaultResponseErrorHandler.java:63)
	at org.springframework.web.client.RestTemplate.handleResponse(RestTemplate.java:700)
	at org.springframework.web.client.RestTemplate.doExecute(RestTemplate.java:653)
	at org.springframework.web.client.RestTemplate.execute(RestTemplate.java:621)
	at org.springframework.web.client.RestTemplate.put(RestTemplate.java:438)
	at com.astute.myweb.controller.rest.TranslationsRestControllerTest.testUpdateTranslation(TranslationsRestControllerTest.java:103)
</error>
    <system-out><![CDATA[2017-09-05 00:01:19.551 DEBUG 10440 --- [           main] o.s.web.client.RestTemplate              : Created PUT request for "http://localhost:8080/translations/111?key=login.user&value=USER%20NAME"
2017-09-05 00:01:19.582 DEBUG 10440 --- [           main] o.s.web.client.RestTemplate              : PUT request for "http://localhost:8080/translations/111?key=login.user&value=USER%20NAME" resulted in 404 (null); invoking error handler
]]></system-out>
  </testcase>
  <testcase name="testGetTranslations" classname="com.astute.myweb.controller.rest.TranslationsRestControllerTest" time="0">
    <error message="Not enough variable values available to expand &apos;id&apos;" type="java.lang.IllegalArgumentException">java.lang.IllegalArgumentException: Not enough variable values available to expand 'id'
	at org.springframework.web.util.UriComponents$VarArgsTemplateVariables.getValue(UriComponents.java:329)
	at org.springframework.web.util.HierarchicalUriComponents$QueryUriTemplateVariables.getValue(HierarchicalUriComponents.java:899)
	at org.springframework.web.util.UriComponents.expandUriComponent(UriComponents.java:232)
	at org.springframework.web.util.HierarchicalUriComponents.expandQueryParams(HierarchicalUriComponents.java:347)
	at org.springframework.web.util.HierarchicalUriComponents.expandInternal(HierarchicalUriComponents.java:332)
	at org.springframework.web.util.HierarchicalUriComponents.expandInternal(HierarchicalUriComponents.java:48)
	at org.springframework.web.util.UriComponents.expand(UriComponents.java:165)
	at org.springframework.web.util.UriComponentsBuilder.buildAndExpand(UriComponentsBuilder.java:360)
	at org.springframework.web.util.DefaultUriTemplateHandler.expandAndEncode(DefaultUriTemplateHandler.java:140)
	at org.springframework.web.util.DefaultUriTemplateHandler.expandInternal(DefaultUriTemplateHandler.java:104)
	at org.springframework.web.util.AbstractUriTemplateHandler.expand(AbstractUriTemplateHandler.java:106)
	at org.springframework.web.client.RestTemplate.execute(RestTemplate.java:612)
	at org.springframework.web.client.RestTemplate.postForObject(RestTemplate.java:380)
	at com.astute.myweb.controller.rest.TranslationsRestControllerTest.testGetTranslations(TranslationsRestControllerTest.java:65)
</error>
  </testcase>
  <testcase name="testDeleteTranslation" classname="com.astute.myweb.controller.rest.TranslationsRestControllerTest" time="0">
    <error message="404 null" type="org.springframework.web.client.HttpClientErrorException">org.springframework.web.client.HttpClientErrorException: 404 null
	at org.springframework.web.client.DefaultResponseErrorHandler.handleError(DefaultResponseErrorHandler.java:63)
	at org.springframework.web.client.RestTemplate.handleResponse(RestTemplate.java:700)
	at org.springframework.web.client.RestTemplate.doExecute(RestTemplate.java:653)
	at org.springframework.web.client.RestTemplate.execute(RestTemplate.java:621)
	at org.springframework.web.client.RestTemplate.delete(RestTemplate.java:490)
	at com.astute.myweb.controller.rest.TranslationsRestControllerTest.testDeleteTranslation(TranslationsRestControllerTest.java:117)
</error>
    <system-out><![CDATA[2017-09-05 00:01:19.628 DEBUG 10440 --- [           main] o.s.web.client.RestTemplate              : Created DELETE request for "http://localhost:8080/translations/111"
2017-09-05 00:01:19.633 DEBUG 10440 --- [           main] o.s.web.client.RestTemplate              : DELETE request for "http://localhost:8080/translations/111" resulted in 404 (null); invoking error handler
]]></system-out>
  </testcase>
  <testcase name="testGetTranslation" classname="com.astute.myweb.controller.rest.TranslationsRestControllerTest" time="0">
    <error message="400 null" type="org.springframework.web.client.HttpClientErrorException">org.springframework.web.client.HttpClientErrorException: 400 null
	at org.springframework.web.client.DefaultResponseErrorHandler.handleError(DefaultResponseErrorHandler.java:63)
	at org.springframework.web.client.RestTemplate.handleResponse(RestTemplate.java:700)
	at org.springframework.web.client.RestTemplate.doExecute(RestTemplate.java:653)
	at org.springframework.web.client.RestTemplate.execute(RestTemplate.java:621)
	at org.springframework.web.client.RestTemplate.postForObject(RestTemplate.java:390)
	at com.astute.myweb.controller.rest.TranslationsRestControllerTest.testGetTranslation(TranslationsRestControllerTest.java:51)
</error>
    <system-out><![CDATA[2017-09-05 00:01:19.656 DEBUG 10440 --- [           main] o.s.web.client.RestTemplate              : Created POST request for "http://localhost:8080/translations?id=111"
2017-09-05 00:01:19.777 DEBUG 10440 --- [           main] o.s.web.client.RestTemplate              : Setting request Accept header to [application/json, application/*+json]
2017-09-05 00:01:19.789 DEBUG 10440 --- [           main] o.s.web.client.RestTemplate              : POST request for "http://localhost:8080/translations?id=111" resulted in 400 (null); invoking error handler
]]></system-out>
  </testcase>
  <testcase name="testAddTranslation" classname="com.astute.myweb.controller.rest.TranslationsRestControllerTest" time="0">
    <error message="400 null" type="org.springframework.web.client.HttpClientErrorException">org.springframework.web.client.HttpClientErrorException: 400 null
	at org.springframework.web.client.DefaultResponseErrorHandler.handleError(DefaultResponseErrorHandler.java:63)
	at org.springframework.web.client.RestTemplate.handleResponse(RestTemplate.java:700)
	at org.springframework.web.client.RestTemplate.doExecute(RestTemplate.java:653)
	at org.springframework.web.client.RestTemplate.execute(RestTemplate.java:621)
	at org.springframework.web.client.RestTemplate.postForObject(RestTemplate.java:390)
	at com.astute.myweb.controller.rest.TranslationsRestControllerTest.testAddTranslation(TranslationsRestControllerTest.java:82)
</error>
    <system-out><![CDATA[2017-09-05 00:01:19.799 DEBUG 10440 --- [           main] o.s.web.client.RestTemplate              : Created POST request for "http://localhost:8080/translations?id=111"
2017-09-05 00:01:19.803 DEBUG 10440 --- [           main] o.s.web.client.RestTemplate              : Setting request Accept header to [application/json, application/*+json]
2017-09-05 00:01:19.810 DEBUG 10440 --- [           main] o.s.web.client.RestTemplate              : POST request for "http://localhost:8080/translations?id=111" resulted in 400 (null); invoking error handler
]]></system-out>
  </testcase>
</testsuite>